[27-Aug-2022 13:05:14 America/Bogota] Run App
[27-Aug-2022 13:05:14 America/Bogota] App:Construct => No hay controlador especifico
[27-Aug-2022 13:05:14 America/Bogota] PHP Warning:  Invalid argument supplied for foreach() in C:\xampp\htdocs\Ospedale\libs\BaseController.php on line 56
[27-Aug-2022 13:05:14 America/Bogota] Es::Construct => Inicio de ES
[27-Aug-2022 13:05:14 America/Bogota] BaseController::getModel => URL : models/Model.php
[27-Aug-2022 13:05:14 America/Bogota] Home::render => Carga el index de Home
[27-Aug-2022 13:05:14 America/Bogota] Run App
[27-Aug-2022 13:05:14 America/Bogota] Es::Construct => Inicio de ES
[27-Aug-2022 13:05:14 America/Bogota] BaseController::getModel => URL : models/EsModel.php
[27-Aug-2022 13:05:14 America/Bogota] Home::render => Carga el index de Home
[27-Aug-2022 13:05:49 America/Bogota] Run App
[27-Aug-2022 13:05:49 America/Bogota] Es::Construct => Inicio de ES
[27-Aug-2022 13:05:49 America/Bogota] BaseController::getModel => URL : models/EsModel.php
[27-Aug-2022 13:05:49 America/Bogota] Home::render => Carga el index de Home
[27-Aug-2022 13:12:27 America/Bogota] Run App
[27-Aug-2022 13:12:27 America/Bogota] Es::Construct => Inicio de ES
[27-Aug-2022 13:12:27 America/Bogota] BaseController::getModel => URL : models/EsModel.php
[27-Aug-2022 13:12:27 America/Bogota] Home::render => Carga el index de Home
[27-Aug-2022 13:12:27 America/Bogota] Run App
[27-Aug-2022 13:12:27 America/Bogota] PHP Warning:  require_once(controllers/errores.php): failed to open stream: No such file or directory in C:\xampp\htdocs\Ospedale\libs\App.php on line 54
[27-Aug-2022 13:12:27 America/Bogota] PHP Fatal error:  require_once(): Failed opening required 'controllers/errores.php' (include_path='C:\xampp\php\PEAR') in C:\xampp\htdocs\Ospedale\libs\App.php on line 54
[27-Aug-2022 13:12:27 America/Bogota] Run App
[27-Aug-2022 13:12:27 America/Bogota] PHP Warning:  require_once(controllers/errores.php): failed to open stream: No such file or directory in C:\xampp\htdocs\Ospedale\libs\App.php on line 54
[27-Aug-2022 13:12:27 America/Bogota] PHP Fatal error:  require_once(): Failed opening required 'controllers/errores.php' (include_path='C:\xampp\php\PEAR') in C:\xampp\htdocs\Ospedale\libs\App.php on line 54
[27-Aug-2022 13:18:05 America/Bogota] Run App
[27-Aug-2022 13:18:05 America/Bogota] Es::Construct => Inicio de ES
[27-Aug-2022 13:18:05 America/Bogota] BaseController::getModel => URL : models/EsModel.php
[27-Aug-2022 13:18:05 America/Bogota] Home::render => Carga el index de Home
[27-Aug-2022 13:18:06 America/Bogota] Run App
[27-Aug-2022 13:18:06 America/Bogota] Run App
[27-Aug-2022 13:18:06 America/Bogota] PHP Warning:  require_once(controllers/errores.php): failed to open stream: No such file or directory in C:\xampp\htdocs\Ospedale\libs\App.php on line 54
[27-Aug-2022 13:18:06 America/Bogota] PHP Fatal error:  require_once(): Failed opening required 'controllers/errores.php' (include_path='C:\xampp\php\PEAR') in C:\xampp\htdocs\Ospedale\libs\App.php on line 54
[27-Aug-2022 13:18:06 America/Bogota] PHP Warning:  require_once(controllers/errores.php): failed to open stream: No such file or directory in C:\xampp\htdocs\Ospedale\libs\App.php on line 54
[27-Aug-2022 13:18:06 America/Bogota] PHP Fatal error:  require_once(): Failed opening required 'controllers/errores.php' (include_path='C:\xampp\php\PEAR') in C:\xampp\htdocs\Ospedale\libs\App.php on line 54
[27-Aug-2022 13:18:10 America/Bogota] Run App
[27-Aug-2022 13:18:10 America/Bogota] Es::Construct => Inicio de ES
[27-Aug-2022 13:18:10 America/Bogota] BaseController::getModel => URL : models/EsModel.php
[27-Aug-2022 13:18:10 America/Bogota] Home::render => Carga el index de Home
[27-Aug-2022 13:18:10 America/Bogota] Run App
[27-Aug-2022 13:18:10 America/Bogota] PHP Warning:  require_once(controllers/errores.php): failed to open stream: No such file or directory in C:\xampp\htdocs\Ospedale\libs\App.php on line 54
[27-Aug-2022 13:18:10 America/Bogota] PHP Fatal error:  require_once(): Failed opening required 'controllers/errores.php' (include_path='C:\xampp\php\PEAR') in C:\xampp\htdocs\Ospedale\libs\App.php on line 54
[27-Aug-2022 13:18:10 America/Bogota] Run App
[27-Aug-2022 13:18:10 America/Bogota] PHP Warning:  require_once(controllers/errores.php): failed to open stream: No such file or directory in C:\xampp\htdocs\Ospedale\libs\App.php on line 54
[27-Aug-2022 13:18:10 America/Bogota] PHP Fatal error:  require_once(): Failed opening required 'controllers/errores.php' (include_path='C:\xampp\php\PEAR') in C:\xampp\htdocs\Ospedale\libs\App.php on line 54
[27-Aug-2022 13:18:35 America/Bogota] Run App
[27-Aug-2022 13:18:35 America/Bogota] Es::Construct => Inicio de ES
[27-Aug-2022 13:18:35 America/Bogota] BaseController::getModel => URL : models/EsModel.php
[27-Aug-2022 13:18:35 America/Bogota] Home::render => Carga el index de Home
[27-Aug-2022 13:18:35 America/Bogota] Run App
[27-Aug-2022 13:18:35 America/Bogota] Run App
[27-Aug-2022 13:18:35 America/Bogota] PHP Warning:  require_once(controllers/errores.php): failed to open stream: No such file or directory in C:\xampp\htdocs\Ospedale\libs\App.php on line 54
[27-Aug-2022 13:18:35 America/Bogota] PHP Fatal error:  require_once(): Failed opening required 'controllers/errores.php' (include_path='C:\xampp\php\PEAR') in C:\xampp\htdocs\Ospedale\libs\App.php on line 54
[27-Aug-2022 13:18:35 America/Bogota] PHP Warning:  require_once(controllers/errores.php): failed to open stream: No such file or directory in C:\xampp\htdocs\Ospedale\libs\App.php on line 54
[27-Aug-2022 13:18:35 America/Bogota] PHP Fatal error:  require_once(): Failed opening required 'controllers/errores.php' (include_path='C:\xampp\php\PEAR') in C:\xampp\htdocs\Ospedale\libs\App.php on line 54
[27-Aug-2022 13:18:53 America/Bogota] Run App
[27-Aug-2022 13:18:53 America/Bogota] Es::Construct => Inicio de ES
[27-Aug-2022 13:18:53 America/Bogota] BaseController::getModel => URL : models/EsModel.php
[27-Aug-2022 13:18:53 America/Bogota] Home::render => Carga el index de Home
[27-Aug-2022 13:18:53 America/Bogota] Run App
[27-Aug-2022 13:18:53 America/Bogota] PHP Warning:  require_once(controllers/errores.php): failed to open stream: No such file or directory in C:\xampp\htdocs\Ospedale\libs\App.php on line 54
[27-Aug-2022 13:18:53 America/Bogota] PHP Fatal error:  require_once(): Failed opening required 'controllers/errores.php' (include_path='C:\xampp\php\PEAR') in C:\xampp\htdocs\Ospedale\libs\App.php on line 54
[27-Aug-2022 13:18:53 America/Bogota] Run App
[27-Aug-2022 13:18:53 America/Bogota] PHP Warning:  require_once(controllers/errores.php): failed to open stream: No such file or directory in C:\xampp\htdocs\Ospedale\libs\App.php on line 54
[27-Aug-2022 13:18:53 America/Bogota] PHP Fatal error:  require_once(): Failed opening required 'controllers/errores.php' (include_path='C:\xampp\php\PEAR') in C:\xampp\htdocs\Ospedale\libs\App.php on line 54
[27-Aug-2022 13:21:42 America/Bogota] Run App
[27-Aug-2022 13:21:42 America/Bogota] Es::Construct => Inicio de ES
[27-Aug-2022 13:21:42 America/Bogota] BaseController::getModel => URL : models/EsModel.php
[27-Aug-2022 13:21:42 America/Bogota] Home::render => Carga el index de Home
[27-Aug-2022 13:21:43 America/Bogota] Run App
[27-Aug-2022 13:21:43 America/Bogota] PHP Warning:  require_once(controllers/errores.php): failed to open stream: No such file or directory in C:\xampp\htdocs\Ospedale\libs\App.php on line 54
[27-Aug-2022 13:21:43 America/Bogota] PHP Fatal error:  require_once(): Failed opening required 'controllers/errores.php' (include_path='C:\xampp\php\PEAR') in C:\xampp\htdocs\Ospedale\libs\App.php on line 54
[27-Aug-2022 13:22:38 America/Bogota] Run App
[27-Aug-2022 13:22:38 America/Bogota] Es::Construct => Inicio de ES
[27-Aug-2022 13:22:38 America/Bogota] BaseController::getModel => URL : models/EsModel.php
[27-Aug-2022 13:22:38 America/Bogota] Home::render => Carga el index de Home
[27-Aug-2022 13:22:39 America/Bogota] Run App
[27-Aug-2022 13:22:39 America/Bogota] PHP Warning:  require_once(controllers/errores.php): failed to open stream: No such file or directory in C:\xampp\htdocs\Ospedale\libs\App.php on line 54
[27-Aug-2022 13:22:39 America/Bogota] PHP Fatal error:  require_once(): Failed opening required 'controllers/errores.php' (include_path='C:\xampp\php\PEAR') in C:\xampp\htdocs\Ospedale\libs\App.php on line 54
[27-Aug-2022 13:22:41 America/Bogota] Run App
[27-Aug-2022 13:22:41 America/Bogota] Es::Construct => Inicio de ES
[27-Aug-2022 13:22:41 America/Bogota] BaseController::getModel => URL : models/EsModel.php
[27-Aug-2022 13:22:41 America/Bogota] Home::render => Carga el index de Home
[27-Aug-2022 13:22:41 America/Bogota] Run App
[27-Aug-2022 13:22:41 America/Bogota] PHP Warning:  require_once(controllers/errores.php): failed to open stream: No such file or directory in C:\xampp\htdocs\Ospedale\libs\App.php on line 54
[27-Aug-2022 13:22:41 America/Bogota] PHP Fatal error:  require_once(): Failed opening required 'controllers/errores.php' (include_path='C:\xampp\php\PEAR') in C:\xampp\htdocs\Ospedale\libs\App.php on line 54
[27-Aug-2022 13:23:39 America/Bogota] Run App
[27-Aug-2022 13:23:39 America/Bogota] Es::Construct => Inicio de ES
[27-Aug-2022 13:23:39 America/Bogota] BaseController::getModel => URL : models/EsModel.php
[27-Aug-2022 13:23:39 America/Bogota] Home::render => Carga el index de Home
[27-Aug-2022 13:23:40 America/Bogota] Run App
[27-Aug-2022 13:23:40 America/Bogota] PHP Warning:  require_once(controllers/errores.php): failed to open stream: No such file or directory in C:\xampp\htdocs\Ospedale\libs\App.php on line 54
[27-Aug-2022 13:23:40 America/Bogota] PHP Fatal error:  require_once(): Failed opening required 'controllers/errores.php' (include_path='C:\xampp\php\PEAR') in C:\xampp\htdocs\Ospedale\libs\App.php on line 54
[27-Aug-2022 13:32:45 America/Bogota] Run App
[27-Aug-2022 13:32:45 America/Bogota] Es::Construct => Inicio de ES
[27-Aug-2022 13:32:45 America/Bogota] BaseController::getModel => URL : models/EsModel.php
[27-Aug-2022 13:32:45 America/Bogota] Home::render => Carga el index de Home
[27-Aug-2022 13:32:45 America/Bogota] Run App
[27-Aug-2022 13:32:45 America/Bogota] PHP Warning:  require_once(controllers/errores.php): failed to open stream: No such file or directory in C:\xampp\htdocs\Ospedale\libs\App.php on line 54
[27-Aug-2022 13:32:45 America/Bogota] PHP Fatal error:  require_once(): Failed opening required 'controllers/errores.php' (include_path='C:\xampp\php\PEAR') in C:\xampp\htdocs\Ospedale\libs\App.php on line 54
[27-Aug-2022 13:34:12 America/Bogota] Run App
[27-Aug-2022 13:34:12 America/Bogota] Es::Construct => Inicio de ES
[27-Aug-2022 13:34:12 America/Bogota] BaseController::getModel => URL : models/EsModel.php
[27-Aug-2022 13:34:12 America/Bogota] Home::render => Carga el index de Home
[27-Aug-2022 13:34:13 America/Bogota] Run App
[27-Aug-2022 13:34:13 America/Bogota] PHP Warning:  require_once(controllers/errores.php): failed to open stream: No such file or directory in C:\xampp\htdocs\Ospedale\libs\App.php on line 54
[27-Aug-2022 13:34:13 America/Bogota] PHP Fatal error:  require_once(): Failed opening required 'controllers/errores.php' (include_path='C:\xampp\php\PEAR') in C:\xampp\htdocs\Ospedale\libs\App.php on line 54
[27-Aug-2022 13:38:19 America/Bogota] Run App
[27-Aug-2022 13:38:19 America/Bogota] Es::Construct => Inicio de ES
[27-Aug-2022 13:38:19 America/Bogota] BaseController::getModel => URL : models/EsModel.php
[27-Aug-2022 13:38:19 America/Bogota] Home::render => Carga el index de Home
[27-Aug-2022 13:38:19 America/Bogota] Run App
[27-Aug-2022 13:38:19 America/Bogota] PHP Warning:  require_once(controllers/errores.php): failed to open stream: No such file or directory in C:\xampp\htdocs\Ospedale\libs\App.php on line 54
[27-Aug-2022 13:38:19 America/Bogota] PHP Fatal error:  require_once(): Failed opening required 'controllers/errores.php' (include_path='C:\xampp\php\PEAR') in C:\xampp\htdocs\Ospedale\libs\App.php on line 54
[27-Aug-2022 13:38:46 America/Bogota] Run App
[27-Aug-2022 13:38:46 America/Bogota] Es::Construct => Inicio de ES
[27-Aug-2022 13:38:46 America/Bogota] BaseController::getModel => URL : models/EsModel.php
[27-Aug-2022 13:38:46 America/Bogota] Home::render => Carga el index de Home
[27-Aug-2022 13:38:47 America/Bogota] Run App
[27-Aug-2022 13:38:47 America/Bogota] PHP Warning:  require_once(controllers/errores.php): failed to open stream: No such file or directory in C:\xampp\htdocs\Ospedale\libs\App.php on line 54
[27-Aug-2022 13:38:47 America/Bogota] PHP Fatal error:  require_once(): Failed opening required 'controllers/errores.php' (include_path='C:\xampp\php\PEAR') in C:\xampp\htdocs\Ospedale\libs\App.php on line 54
[27-Aug-2022 14:03:32 America/Bogota] Run App
[27-Aug-2022 14:03:32 America/Bogota] Es::Construct => Inicio de ES
[27-Aug-2022 14:03:32 America/Bogota] BaseController::getModel => URL : models/EsModel.php
[27-Aug-2022 14:03:32 America/Bogota] Home::render => Carga el index de Home
[27-Aug-2022 14:03:33 America/Bogota] Run App
[27-Aug-2022 14:03:33 America/Bogota] PHP Warning:  require_once(controllers/errores.php): failed to open stream: No such file or directory in C:\xampp\htdocs\Ospedale\libs\App.php on line 54
[27-Aug-2022 14:03:33 America/Bogota] PHP Fatal error:  require_once(): Failed opening required 'controllers/errores.php' (include_path='C:\xampp\php\PEAR') in C:\xampp\htdocs\Ospedale\libs\App.php on line 54
[27-Aug-2022 14:17:27 America/Bogota] Run App
[27-Aug-2022 14:17:27 America/Bogota] Es::Construct => Inicio de ES
[27-Aug-2022 14:17:27 America/Bogota] BaseController::getModel => URL : models/EsModel.php
[27-Aug-2022 14:17:27 America/Bogota] Home::render => Carga el index de Home
[27-Aug-2022 14:17:28 America/Bogota] Run App
[27-Aug-2022 14:17:28 America/Bogota] PHP Warning:  require_once(controllers/errores.php): failed to open stream: No such file or directory in C:\xampp\htdocs\Ospedale\libs\App.php on line 54
[27-Aug-2022 14:17:28 America/Bogota] PHP Fatal error:  require_once(): Failed opening required 'controllers/errores.php' (include_path='C:\xampp\php\PEAR') in C:\xampp\htdocs\Ospedale\libs\App.php on line 54
[27-Aug-2022 14:17:31 America/Bogota] Run App
[27-Aug-2022 14:17:31 America/Bogota] Es::Construct => Inicio de ES
[27-Aug-2022 14:17:31 America/Bogota] BaseController::getModel => URL : models/EsModel.php
[27-Aug-2022 14:17:31 America/Bogota] Home::render => Carga el index de Home
[27-Aug-2022 14:17:31 America/Bogota] Run App
[27-Aug-2022 14:17:31 America/Bogota] PHP Warning:  require_once(controllers/errores.php): failed to open stream: No such file or directory in C:\xampp\htdocs\Ospedale\libs\App.php on line 54
[27-Aug-2022 14:17:31 America/Bogota] PHP Fatal error:  require_once(): Failed opening required 'controllers/errores.php' (include_path='C:\xampp\php\PEAR') in C:\xampp\htdocs\Ospedale\libs\App.php on line 54
[27-Aug-2022 14:17:45 America/Bogota] Run App
[27-Aug-2022 14:17:45 America/Bogota] Es::Construct => Inicio de ES
[27-Aug-2022 14:17:45 America/Bogota] BaseController::getModel => URL : models/EsModel.php
[27-Aug-2022 14:17:45 America/Bogota] Home::render => Carga el index de Home
[27-Aug-2022 14:17:46 America/Bogota] Run App
[27-Aug-2022 14:17:46 America/Bogota] PHP Warning:  require_once(controllers/errores.php): failed to open stream: No such file or directory in C:\xampp\htdocs\Ospedale\libs\App.php on line 54
[27-Aug-2022 14:17:46 America/Bogota] PHP Fatal error:  require_once(): Failed opening required 'controllers/errores.php' (include_path='C:\xampp\php\PEAR') in C:\xampp\htdocs\Ospedale\libs\App.php on line 54
[27-Aug-2022 14:18:03 America/Bogota] Run App
[27-Aug-2022 14:18:03 America/Bogota] Es::Construct => Inicio de ES
[27-Aug-2022 14:18:03 America/Bogota] BaseController::getModel => URL : models/EsModel.php
[27-Aug-2022 14:18:03 America/Bogota] Home::render => Carga el index de Home
[27-Aug-2022 14:18:04 America/Bogota] Run App
[27-Aug-2022 14:18:04 America/Bogota] PHP Warning:  require_once(controllers/errores.php): failed to open stream: No such file or directory in C:\xampp\htdocs\Ospedale\libs\App.php on line 54
[27-Aug-2022 14:18:04 America/Bogota] PHP Fatal error:  require_once(): Failed opening required 'controllers/errores.php' (include_path='C:\xampp\php\PEAR') in C:\xampp\htdocs\Ospedale\libs\App.php on line 54
[27-Aug-2022 14:18:08 America/Bogota] Run App
[27-Aug-2022 14:18:08 America/Bogota] Es::Construct => Inicio de ES
[27-Aug-2022 14:18:08 America/Bogota] BaseController::getModel => URL : models/EsModel.php
[27-Aug-2022 14:18:08 America/Bogota] Home::render => Carga el index de Home
[27-Aug-2022 14:18:08 America/Bogota] Run App
[27-Aug-2022 14:18:08 America/Bogota] PHP Warning:  require_once(controllers/errores.php): failed to open stream: No such file or directory in C:\xampp\htdocs\Ospedale\libs\App.php on line 54
[27-Aug-2022 14:18:08 America/Bogota] PHP Fatal error:  require_once(): Failed opening required 'controllers/errores.php' (include_path='C:\xampp\php\PEAR') in C:\xampp\htdocs\Ospedale\libs\App.php on line 54
[27-Aug-2022 14:19:08 America/Bogota] Run App
[27-Aug-2022 14:19:08 America/Bogota] Es::Construct => Inicio de ES
[27-Aug-2022 14:19:08 America/Bogota] BaseController::getModel => URL : models/EsModel.php
[27-Aug-2022 14:19:08 America/Bogota] Home::render => Carga el index de Home
[27-Aug-2022 14:19:08 America/Bogota] Run App
[27-Aug-2022 14:19:08 America/Bogota] PHP Warning:  require_once(controllers/errores.php): failed to open stream: No such file or directory in C:\xampp\htdocs\Ospedale\libs\App.php on line 54
[27-Aug-2022 14:19:08 America/Bogota] PHP Fatal error:  require_once(): Failed opening required 'controllers/errores.php' (include_path='C:\xampp\php\PEAR') in C:\xampp\htdocs\Ospedale\libs\App.php on line 54
[27-Aug-2022 14:22:55 America/Bogota] Run App
[27-Aug-2022 14:22:55 America/Bogota] Es::Construct => Inicio de ES
[27-Aug-2022 14:22:55 America/Bogota] BaseController::getModel => URL : models/EsModel.php
[27-Aug-2022 14:22:55 America/Bogota] Home::render => Carga el index de Home
[27-Aug-2022 14:22:56 America/Bogota] Run App
[27-Aug-2022 14:22:56 America/Bogota] PHP Warning:  require_once(controllers/errores.php): failed to open stream: No such file or directory in C:\xampp\htdocs\Ospedale\libs\App.php on line 54
[27-Aug-2022 14:22:56 America/Bogota] PHP Fatal error:  require_once(): Failed opening required 'controllers/errores.php' (include_path='C:\xampp\php\PEAR') in C:\xampp\htdocs\Ospedale\libs\App.php on line 54
[27-Aug-2022 14:22:59 America/Bogota] Run App
[27-Aug-2022 14:22:59 America/Bogota] Es::Construct => Inicio de ES
[27-Aug-2022 14:22:59 America/Bogota] BaseController::getModel => URL : models/EsModel.php
[27-Aug-2022 14:22:59 America/Bogota] Home::render => Carga el index de Home
[27-Aug-2022 14:23:00 America/Bogota] Run App
[27-Aug-2022 14:23:00 America/Bogota] PHP Warning:  require_once(controllers/errores.php): failed to open stream: No such file or directory in C:\xampp\htdocs\Ospedale\libs\App.php on line 54
[27-Aug-2022 14:23:00 America/Bogota] PHP Fatal error:  require_once(): Failed opening required 'controllers/errores.php' (include_path='C:\xampp\php\PEAR') in C:\xampp\htdocs\Ospedale\libs\App.php on line 54
[27-Aug-2022 14:23:39 America/Bogota] Run App
[27-Aug-2022 14:23:39 America/Bogota] Es::Construct => Inicio de ES
[27-Aug-2022 14:23:39 America/Bogota] BaseController::getModel => URL : models/EsModel.php
[27-Aug-2022 14:23:39 America/Bogota] Home::render => Carga el index de Home
[27-Aug-2022 14:23:39 America/Bogota] Run App
[27-Aug-2022 14:23:39 America/Bogota] Es::Construct => Inicio de ES
[27-Aug-2022 14:23:39 America/Bogota] BaseController::getModel => URL : models/EsModel.php
[27-Aug-2022 14:23:39 America/Bogota] Home::render => Carga el index de Home
[27-Aug-2022 14:23:40 America/Bogota] Run App
[27-Aug-2022 14:23:40 America/Bogota] PHP Warning:  require_once(controllers/errores.php): failed to open stream: No such file or directory in C:\xampp\htdocs\Ospedale\libs\App.php on line 54
[27-Aug-2022 14:23:40 America/Bogota] PHP Fatal error:  require_once(): Failed opening required 'controllers/errores.php' (include_path='C:\xampp\php\PEAR') in C:\xampp\htdocs\Ospedale\libs\App.php on line 54
[27-Aug-2022 14:24:22 America/Bogota] Run App
[27-Aug-2022 14:24:22 America/Bogota] Es::Construct => Inicio de ES
[27-Aug-2022 14:24:22 America/Bogota] BaseController::getModel => URL : models/EsModel.php
[27-Aug-2022 14:24:22 America/Bogota] Home::render => Carga el index de Home
[27-Aug-2022 14:24:23 America/Bogota] Run App
[27-Aug-2022 14:24:23 America/Bogota] PHP Warning:  require_once(controllers/errores.php): failed to open stream: No such file or directory in C:\xampp\htdocs\Ospedale\libs\App.php on line 54
[27-Aug-2022 14:24:23 America/Bogota] PHP Fatal error:  require_once(): Failed opening required 'controllers/errores.php' (include_path='C:\xampp\php\PEAR') in C:\xampp\htdocs\Ospedale\libs\App.php on line 54
[27-Aug-2022 14:25:38 America/Bogota] Run App
[27-Aug-2022 14:25:38 America/Bogota] Es::Construct => Inicio de ES
[27-Aug-2022 14:25:38 America/Bogota] BaseController::getModel => URL : models/EsModel.php
[27-Aug-2022 14:25:38 America/Bogota] Home::render => Carga el index de Home
[27-Aug-2022 14:25:39 America/Bogota] Run App
[27-Aug-2022 14:25:39 America/Bogota] PHP Warning:  require_once(controllers/errores.php): failed to open stream: No such file or directory in C:\xampp\htdocs\Ospedale\libs\App.php on line 54
[27-Aug-2022 14:25:39 America/Bogota] PHP Fatal error:  require_once(): Failed opening required 'controllers/errores.php' (include_path='C:\xampp\php\PEAR') in C:\xampp\htdocs\Ospedale\libs\App.php on line 54
[27-Aug-2022 14:26:06 America/Bogota] Run App
[27-Aug-2022 14:26:06 America/Bogota] Es::Construct => Inicio de ES
[27-Aug-2022 14:26:06 America/Bogota] BaseController::getModel => URL : models/EsModel.php
[27-Aug-2022 14:26:06 America/Bogota] Home::render => Carga el index de Home
[27-Aug-2022 14:26:06 America/Bogota] Run App
[27-Aug-2022 14:26:06 America/Bogota] PHP Warning:  require_once(controllers/errores.php): failed to open stream: No such file or directory in C:\xampp\htdocs\Ospedale\libs\App.php on line 54
[27-Aug-2022 14:26:06 America/Bogota] PHP Fatal error:  require_once(): Failed opening required 'controllers/errores.php' (include_path='C:\xampp\php\PEAR') in C:\xampp\htdocs\Ospedale\libs\App.php on line 54
[27-Aug-2022 14:26:25 America/Bogota] Run App
[27-Aug-2022 14:26:25 America/Bogota] Es::Construct => Inicio de ES
[27-Aug-2022 14:26:25 America/Bogota] BaseController::getModel => URL : models/EsModel.php
[27-Aug-2022 14:26:25 America/Bogota] Home::render => Carga el index de Home
[27-Aug-2022 14:26:26 America/Bogota] Run App
[27-Aug-2022 14:26:26 America/Bogota] PHP Warning:  require_once(controllers/errores.php): failed to open stream: No such file or directory in C:\xampp\htdocs\Ospedale\libs\App.php on line 54
[27-Aug-2022 14:26:26 America/Bogota] PHP Fatal error:  require_once(): Failed opening required 'controllers/errores.php' (include_path='C:\xampp\php\PEAR') in C:\xampp\htdocs\Ospedale\libs\App.php on line 54
[27-Aug-2022 14:26:32 America/Bogota] Run App
[27-Aug-2022 14:26:32 America/Bogota] Es::Construct => Inicio de ES
[27-Aug-2022 14:26:32 America/Bogota] BaseController::getModel => URL : models/EsModel.php
[27-Aug-2022 14:26:32 America/Bogota] Home::render => Carga el index de Home
[27-Aug-2022 14:26:33 America/Bogota] Run App
[27-Aug-2022 14:26:33 America/Bogota] PHP Warning:  require_once(controllers/errores.php): failed to open stream: No such file or directory in C:\xampp\htdocs\Ospedale\libs\App.php on line 54
[27-Aug-2022 14:26:33 America/Bogota] PHP Fatal error:  require_once(): Failed opening required 'controllers/errores.php' (include_path='C:\xampp\php\PEAR') in C:\xampp\htdocs\Ospedale\libs\App.php on line 54
[27-Aug-2022 14:27:35 America/Bogota] Run App
[27-Aug-2022 14:27:35 America/Bogota] Es::Construct => Inicio de ES
[27-Aug-2022 14:27:35 America/Bogota] BaseController::getModel => URL : models/EsModel.php
[27-Aug-2022 14:27:35 America/Bogota] Home::render => Carga el index de Home
[27-Aug-2022 14:27:35 America/Bogota] Run App
[27-Aug-2022 14:27:35 America/Bogota] PHP Warning:  require_once(controllers/errores.php): failed to open stream: No such file or directory in C:\xampp\htdocs\Ospedale\libs\App.php on line 54
[27-Aug-2022 14:27:35 America/Bogota] PHP Fatal error:  require_once(): Failed opening required 'controllers/errores.php' (include_path='C:\xampp\php\PEAR') in C:\xampp\htdocs\Ospedale\libs\App.php on line 54
[27-Aug-2022 14:27:48 America/Bogota] Run App
[27-Aug-2022 14:27:48 America/Bogota] Es::Construct => Inicio de ES
[27-Aug-2022 14:27:48 America/Bogota] BaseController::getModel => URL : models/EsModel.php
[27-Aug-2022 14:27:48 America/Bogota] Home::render => Carga el index de Home
[27-Aug-2022 14:27:48 America/Bogota] Run App
[27-Aug-2022 14:27:48 America/Bogota] PHP Warning:  require_once(controllers/errores.php): failed to open stream: No such file or directory in C:\xampp\htdocs\Ospedale\libs\App.php on line 54
[27-Aug-2022 14:27:48 America/Bogota] PHP Fatal error:  require_once(): Failed opening required 'controllers/errores.php' (include_path='C:\xampp\php\PEAR') in C:\xampp\htdocs\Ospedale\libs\App.php on line 54
[27-Aug-2022 14:28:15 America/Bogota] Run App
[27-Aug-2022 14:28:16 America/Bogota] Es::Construct => Inicio de ES
[27-Aug-2022 14:28:16 America/Bogota] BaseController::getModel => URL : models/EsModel.php
[27-Aug-2022 14:28:16 America/Bogota] Home::render => Carga el index de Home
[27-Aug-2022 14:28:16 America/Bogota] Run App
[27-Aug-2022 14:28:16 America/Bogota] PHP Warning:  require_once(controllers/errores.php): failed to open stream: No such file or directory in C:\xampp\htdocs\Ospedale\libs\App.php on line 54
[27-Aug-2022 14:28:16 America/Bogota] PHP Fatal error:  require_once(): Failed opening required 'controllers/errores.php' (include_path='C:\xampp\php\PEAR') in C:\xampp\htdocs\Ospedale\libs\App.php on line 54
[27-Aug-2022 14:29:31 America/Bogota] Run App
[27-Aug-2022 14:29:31 America/Bogota] Es::Construct => Inicio de ES
[27-Aug-2022 14:29:31 America/Bogota] BaseController::getModel => URL : models/EsModel.php
[27-Aug-2022 14:29:31 America/Bogota] Home::render => Carga el index de Home
[27-Aug-2022 14:29:32 America/Bogota] Run App
[27-Aug-2022 14:29:32 America/Bogota] PHP Warning:  require_once(controllers/errores.php): failed to open stream: No such file or directory in C:\xampp\htdocs\Ospedale\libs\App.php on line 54
[27-Aug-2022 14:29:32 America/Bogota] PHP Fatal error:  require_once(): Failed opening required 'controllers/errores.php' (include_path='C:\xampp\php\PEAR') in C:\xampp\htdocs\Ospedale\libs\App.php on line 54
[27-Aug-2022 14:30:11 America/Bogota] Run App
[27-Aug-2022 14:30:11 America/Bogota] Es::Construct => Inicio de ES
[27-Aug-2022 14:30:11 America/Bogota] BaseController::getModel => URL : models/EsModel.php
[27-Aug-2022 14:30:11 America/Bogota] Home::render => Carga el index de Home
[27-Aug-2022 14:30:12 America/Bogota] Run App
[27-Aug-2022 14:30:12 America/Bogota] PHP Warning:  require_once(controllers/errores.php): failed to open stream: No such file or directory in C:\xampp\htdocs\Ospedale\libs\App.php on line 54
[27-Aug-2022 14:30:12 America/Bogota] PHP Fatal error:  require_once(): Failed opening required 'controllers/errores.php' (include_path='C:\xampp\php\PEAR') in C:\xampp\htdocs\Ospedale\libs\App.php on line 54
[27-Aug-2022 14:30:35 America/Bogota] Run App
[27-Aug-2022 14:30:35 America/Bogota] Es::Construct => Inicio de ES
[27-Aug-2022 14:30:35 America/Bogota] BaseController::getModel => URL : models/EsModel.php
[27-Aug-2022 14:30:35 America/Bogota] Home::render => Carga el index de Home
[27-Aug-2022 14:30:36 America/Bogota] Run App
[27-Aug-2022 14:30:36 America/Bogota] PHP Warning:  require_once(controllers/errores.php): failed to open stream: No such file or directory in C:\xampp\htdocs\Ospedale\libs\App.php on line 54
[27-Aug-2022 14:30:36 America/Bogota] PHP Fatal error:  require_once(): Failed opening required 'controllers/errores.php' (include_path='C:\xampp\php\PEAR') in C:\xampp\htdocs\Ospedale\libs\App.php on line 54
[27-Aug-2022 14:31:08 America/Bogota] Run App
[27-Aug-2022 14:31:08 America/Bogota] Es::Construct => Inicio de ES
[27-Aug-2022 14:31:08 America/Bogota] BaseController::getModel => URL : models/EsModel.php
[27-Aug-2022 14:31:08 America/Bogota] Home::render => Carga el index de Home
[27-Aug-2022 14:31:09 America/Bogota] Run App
[27-Aug-2022 14:31:09 America/Bogota] PHP Warning:  require_once(controllers/errores.php): failed to open stream: No such file or directory in C:\xampp\htdocs\Ospedale\libs\App.php on line 54
[27-Aug-2022 14:31:09 America/Bogota] PHP Fatal error:  require_once(): Failed opening required 'controllers/errores.php' (include_path='C:\xampp\php\PEAR') in C:\xampp\htdocs\Ospedale\libs\App.php on line 54
[27-Aug-2022 14:31:26 America/Bogota] Run App
[27-Aug-2022 14:31:26 America/Bogota] Es::Construct => Inicio de ES
[27-Aug-2022 14:31:26 America/Bogota] BaseController::getModel => URL : models/EsModel.php
[27-Aug-2022 14:31:26 America/Bogota] Home::render => Carga el index de Home
[27-Aug-2022 14:31:26 America/Bogota] Run App
[27-Aug-2022 14:31:26 America/Bogota] PHP Warning:  require_once(controllers/errores.php): failed to open stream: No such file or directory in C:\xampp\htdocs\Ospedale\libs\App.php on line 54
[27-Aug-2022 14:31:26 America/Bogota] PHP Fatal error:  require_once(): Failed opening required 'controllers/errores.php' (include_path='C:\xampp\php\PEAR') in C:\xampp\htdocs\Ospedale\libs\App.php on line 54
[27-Aug-2022 14:32:28 America/Bogota] Run App
[27-Aug-2022 14:32:28 America/Bogota] Es::Construct => Inicio de ES
[27-Aug-2022 14:32:28 America/Bogota] BaseController::getModel => URL : models/EsModel.php
[27-Aug-2022 14:32:28 America/Bogota] Home::render => Carga el index de Home
[27-Aug-2022 14:32:29 America/Bogota] Run App
[27-Aug-2022 14:32:29 America/Bogota] PHP Warning:  require_once(controllers/errores.php): failed to open stream: No such file or directory in C:\xampp\htdocs\Ospedale\libs\App.php on line 54
[27-Aug-2022 14:32:29 America/Bogota] PHP Fatal error:  require_once(): Failed opening required 'controllers/errores.php' (include_path='C:\xampp\php\PEAR') in C:\xampp\htdocs\Ospedale\libs\App.php on line 54
[27-Aug-2022 14:44:58 America/Bogota] Run App
[27-Aug-2022 14:44:58 America/Bogota] Es::Construct => Inicio de ES
[27-Aug-2022 14:44:58 America/Bogota] BaseController::getModel => URL : models/EsModel.php
[27-Aug-2022 14:44:58 America/Bogota] Home::render => Carga el index de Home
[27-Aug-2022 14:44:59 America/Bogota] Run App
[27-Aug-2022 14:44:59 America/Bogota] PHP Warning:  require_once(controllers/errores.php): failed to open stream: No such file or directory in C:\xampp\htdocs\Ospedale\libs\App.php on line 54
[27-Aug-2022 14:44:59 America/Bogota] PHP Fatal error:  require_once(): Failed opening required 'controllers/errores.php' (include_path='C:\xampp\php\PEAR') in C:\xampp\htdocs\Ospedale\libs\App.php on line 54
[27-Aug-2022 14:45:46 America/Bogota] Run App
[27-Aug-2022 14:45:46 America/Bogota] Es::Construct => Inicio de ES
[27-Aug-2022 14:45:46 America/Bogota] BaseController::getModel => URL : models/EsModel.php
[27-Aug-2022 14:45:46 America/Bogota] Home::render => Carga el index de Home
[27-Aug-2022 14:46:03 America/Bogota] Run App
[27-Aug-2022 14:46:03 America/Bogota] Es::Construct => Inicio de ES
[27-Aug-2022 14:46:03 America/Bogota] BaseController::getModel => URL : models/EsModel.php
[27-Aug-2022 14:46:03 America/Bogota] Home::render => Carga el index de Home
[27-Aug-2022 14:49:02 America/Bogota] Run App
[27-Aug-2022 14:49:02 America/Bogota] Es::Construct => Inicio de ES
[27-Aug-2022 14:49:02 America/Bogota] BaseController::getModel => URL : models/EsModel.php
[27-Aug-2022 14:49:02 America/Bogota] Home::render => Carga el index de Home
[27-Aug-2022 14:52:33 America/Bogota] Run App
[27-Aug-2022 14:52:33 America/Bogota] Es::Construct => Inicio de ES
[27-Aug-2022 14:52:33 America/Bogota] BaseController::getModel => URL : models/EsModel.php
[27-Aug-2022 14:52:33 America/Bogota] Home::render => Carga el index de Home
[27-Aug-2022 15:10:01 America/Bogota] Run App
[27-Aug-2022 15:10:01 America/Bogota] Es::Construct => Inicio de ES
[27-Aug-2022 15:10:01 America/Bogota] BaseController::getModel => URL : models/EsModel.php
[27-Aug-2022 15:10:01 America/Bogota] Home::render => Carga el index de Home
[27-Aug-2022 15:12:20 America/Bogota] Run App
[27-Aug-2022 15:12:20 America/Bogota] Es::Construct => Inicio de ES
[27-Aug-2022 15:12:20 America/Bogota] BaseController::getModel => URL : models/EsModel.php
[27-Aug-2022 15:12:20 America/Bogota] Home::render => Carga el index de Home
[27-Aug-2022 15:16:39 America/Bogota] Run App
[27-Aug-2022 15:16:39 America/Bogota] Es::Construct => Inicio de ES
[27-Aug-2022 15:16:39 America/Bogota] BaseController::getModel => URL : models/EsModel.php
[27-Aug-2022 15:16:39 America/Bogota] Home::render => Carga el index de Home
[27-Aug-2022 15:17:45 America/Bogota] Run App
[27-Aug-2022 15:17:45 America/Bogota] Es::Construct => Inicio de ES
[27-Aug-2022 15:17:45 America/Bogota] BaseController::getModel => URL : models/EsModel.php
[27-Aug-2022 15:17:45 America/Bogota] Home::render => Carga el index de Home
[27-Aug-2022 15:17:56 America/Bogota] Run App
[27-Aug-2022 15:17:56 America/Bogota] Es::Construct => Inicio de ES
[27-Aug-2022 15:17:56 America/Bogota] BaseController::getModel => URL : models/EsModel.php
[27-Aug-2022 15:17:56 America/Bogota] Home::render => Carga el index de Home
[27-Aug-2022 15:18:07 America/Bogota] Run App
[27-Aug-2022 15:18:07 America/Bogota] Es::Construct => Inicio de ES
[27-Aug-2022 15:18:07 America/Bogota] BaseController::getModel => URL : models/EsModel.php
[27-Aug-2022 15:18:07 America/Bogota] Home::render => Carga el index de Home
[27-Aug-2022 15:18:46 America/Bogota] Run App
[27-Aug-2022 15:18:46 America/Bogota] Es::Construct => Inicio de ES
[27-Aug-2022 15:18:46 America/Bogota] BaseController::getModel => URL : models/EsModel.php
[27-Aug-2022 15:18:46 America/Bogota] Home::render => Carga el index de Home
[27-Aug-2022 15:23:26 America/Bogota] Run App
[27-Aug-2022 15:23:26 America/Bogota] Es::Construct => Inicio de ES
[27-Aug-2022 15:23:26 America/Bogota] BaseController::getModel => URL : models/EsModel.php
[27-Aug-2022 15:23:26 America/Bogota] Home::render => Carga el index de Home
[27-Aug-2022 15:23:41 America/Bogota] Run App
[27-Aug-2022 15:23:41 America/Bogota] Es::Construct => Inicio de ES
[27-Aug-2022 15:23:41 America/Bogota] BaseController::getModel => URL : models/APIModel.php
[27-Aug-2022 15:23:41 America/Bogota] Conectado a la base de datos
[27-Aug-2022 15:27:50 America/Bogota] Run App
[27-Aug-2022 15:27:50 America/Bogota] Es::Construct => Inicio de ES
[27-Aug-2022 15:27:50 America/Bogota] BaseController::getModel => URL : models/EsModel.php
[27-Aug-2022 15:27:50 America/Bogota] Home::render => Carga el index de Home
[27-Aug-2022 15:28:33 America/Bogota] Run App
[27-Aug-2022 15:28:33 America/Bogota] Es::Construct => Inicio de ES
[27-Aug-2022 15:28:33 America/Bogota] BaseController::getModel => URL : models/APIModel.php
[27-Aug-2022 15:28:33 America/Bogota] Conectado a la base de datos
[27-Aug-2022 15:28:33 America/Bogota] PHP Notice:  Undefined index: pass in C:\xampp\htdocs\Ospedale\models\core\AccountModel.php on line 107
[27-Aug-2022 15:28:38 America/Bogota] Run App
[27-Aug-2022 15:28:39 America/Bogota] Es::Construct => Inicio de ES
[27-Aug-2022 15:28:39 America/Bogota] BaseController::getModel => URL : models/APIModel.php
[27-Aug-2022 15:28:39 America/Bogota] Conectado a la base de datos
[27-Aug-2022 15:28:39 America/Bogota] PHP Notice:  Undefined index: pass in C:\xampp\htdocs\Ospedale\models\core\AccountModel.php on line 107
[27-Aug-2022 15:28:39 America/Bogota] Run App
[27-Aug-2022 15:28:39 America/Bogota] Es::Construct => Inicio de ES
[27-Aug-2022 15:28:39 America/Bogota] BaseController::getModel => URL : models/APIModel.php
[27-Aug-2022 15:28:39 America/Bogota] Conectado a la base de datos
[27-Aug-2022 15:28:39 America/Bogota] PHP Notice:  Undefined index: pass in C:\xampp\htdocs\Ospedale\models\core\AccountModel.php on line 107
[27-Aug-2022 15:28:39 America/Bogota] Run App
[27-Aug-2022 15:28:39 America/Bogota] Es::Construct => Inicio de ES
[27-Aug-2022 15:28:39 America/Bogota] BaseController::getModel => URL : models/APIModel.php
[27-Aug-2022 15:28:39 America/Bogota] Conectado a la base de datos
[27-Aug-2022 15:28:39 America/Bogota] PHP Notice:  Undefined index: pass in C:\xampp\htdocs\Ospedale\models\core\AccountModel.php on line 107
[27-Aug-2022 15:28:41 America/Bogota] Run App
[27-Aug-2022 15:28:41 America/Bogota] Es::Construct => Inicio de ES
[27-Aug-2022 15:28:41 America/Bogota] BaseController::getModel => URL : models/APIModel.php
[27-Aug-2022 15:28:41 America/Bogota] Conectado a la base de datos
[27-Aug-2022 15:28:41 America/Bogota] PHP Notice:  Undefined index: pass in C:\xampp\htdocs\Ospedale\models\core\AccountModel.php on line 107
[27-Aug-2022 15:28:41 America/Bogota] Run App
[27-Aug-2022 15:28:41 America/Bogota] Es::Construct => Inicio de ES
[27-Aug-2022 15:28:42 America/Bogota] BaseController::getModel => URL : models/APIModel.php
[27-Aug-2022 15:28:42 America/Bogota] Conectado a la base de datos
[27-Aug-2022 15:28:42 America/Bogota] PHP Notice:  Undefined index: pass in C:\xampp\htdocs\Ospedale\models\core\AccountModel.php on line 107
[27-Aug-2022 15:28:43 America/Bogota] Run App
[27-Aug-2022 15:28:43 America/Bogota] Es::Construct => Inicio de ES
[27-Aug-2022 15:28:43 America/Bogota] BaseController::getModel => URL : models/APIModel.php
[27-Aug-2022 15:28:44 America/Bogota] Conectado a la base de datos
[27-Aug-2022 15:28:44 America/Bogota] PHP Notice:  Undefined index: pass in C:\xampp\htdocs\Ospedale\models\core\AccountModel.php on line 107
[27-Aug-2022 15:29:06 America/Bogota] Run App
[27-Aug-2022 15:29:06 America/Bogota] Es::Construct => Inicio de ES
[27-Aug-2022 15:29:06 America/Bogota] BaseController::getModel => URL : models/EsModel.php
[27-Aug-2022 15:29:06 America/Bogota] Home::render => Carga el index de Home
[27-Aug-2022 15:29:34 America/Bogota] Run App
[27-Aug-2022 15:29:34 America/Bogota] Es::Construct => Inicio de ES
[27-Aug-2022 15:29:34 America/Bogota] BaseController::getModel => URL : models/APIModel.php
[27-Aug-2022 15:29:34 America/Bogota] Conectado a la base de datos
[27-Aug-2022 15:29:57 America/Bogota] Run App
[27-Aug-2022 15:29:57 America/Bogota] Es::Construct => Inicio de ES
[27-Aug-2022 15:29:57 America/Bogota] BaseController::getModel => URL : models/EsModel.php
[27-Aug-2022 15:29:57 America/Bogota] Home::render => Carga el index de Home
[27-Aug-2022 15:30:15 America/Bogota] Run App
[27-Aug-2022 15:30:15 America/Bogota] Es::Construct => Inicio de ES
[27-Aug-2022 15:30:15 America/Bogota] BaseController::getModel => URL : models/APIModel.php
[27-Aug-2022 15:30:15 America/Bogota] Conectado a la base de datos
[27-Aug-2022 15:30:15 America/Bogota] PHP Notice:  Undefined index: pass in C:\xampp\htdocs\Ospedale\models\core\AccountModel.php on line 107
[27-Aug-2022 15:30:17 America/Bogota] Run App
[27-Aug-2022 15:30:17 America/Bogota] Es::Construct => Inicio de ES
[27-Aug-2022 15:30:17 America/Bogota] BaseController::getModel => URL : models/APIModel.php
[27-Aug-2022 15:30:17 America/Bogota] Conectado a la base de datos
[27-Aug-2022 15:30:17 America/Bogota] PHP Notice:  Undefined index: pass in C:\xampp\htdocs\Ospedale\models\core\AccountModel.php on line 107
[27-Aug-2022 15:30:17 America/Bogota] Run App
[27-Aug-2022 15:30:17 America/Bogota] Es::Construct => Inicio de ES
[27-Aug-2022 15:30:17 America/Bogota] BaseController::getModel => URL : models/APIModel.php
[27-Aug-2022 15:30:17 America/Bogota] Conectado a la base de datos
[27-Aug-2022 15:30:17 America/Bogota] PHP Notice:  Undefined index: pass in C:\xampp\htdocs\Ospedale\models\core\AccountModel.php on line 107
[27-Aug-2022 15:30:20 America/Bogota] Run App
[27-Aug-2022 15:30:20 America/Bogota] Es::Construct => Inicio de ES
[27-Aug-2022 15:30:20 America/Bogota] BaseController::getModel => URL : models/APIModel.php
[27-Aug-2022 15:30:20 America/Bogota] Conectado a la base de datos
[27-Aug-2022 15:30:20 America/Bogota] PHP Notice:  Undefined index: pass in C:\xampp\htdocs\Ospedale\models\core\AccountModel.php on line 107
[27-Aug-2022 15:30:20 America/Bogota] Run App
[27-Aug-2022 15:30:20 America/Bogota] Es::Construct => Inicio de ES
[27-Aug-2022 15:30:20 America/Bogota] BaseController::getModel => URL : models/APIModel.php
[27-Aug-2022 15:30:20 America/Bogota] Conectado a la base de datos
[27-Aug-2022 15:30:20 America/Bogota] PHP Notice:  Undefined index: pass in C:\xampp\htdocs\Ospedale\models\core\AccountModel.php on line 107
[27-Aug-2022 15:34:59 America/Bogota] Run App
[27-Aug-2022 15:35:00 America/Bogota] Es::Construct => Inicio de ES
[27-Aug-2022 15:35:00 America/Bogota] BaseController::getModel => URL : models/EsModel.php
[27-Aug-2022 15:35:00 America/Bogota] Home::render => Carga el index de Home
[27-Aug-2022 15:35:13 America/Bogota] Run App
[27-Aug-2022 15:35:13 America/Bogota] Es::Construct => Inicio de ES
[27-Aug-2022 15:35:13 America/Bogota] BaseController::getModel => URL : models/APIModel.php
[27-Aug-2022 15:35:13 America/Bogota] Conectado a la base de datos
[27-Aug-2022 15:51:38 America/Bogota] Run App
[27-Aug-2022 15:51:38 America/Bogota] PHP Warning:  require_once(controllers/errores.php): failed to open stream: No such file or directory in C:\xampp\htdocs\Ospedale\libs\App.php on line 54
[27-Aug-2022 15:51:38 America/Bogota] PHP Fatal error:  require_once(): Failed opening required 'controllers/errores.php' (include_path='C:\xampp\php\PEAR') in C:\xampp\htdocs\Ospedale\libs\App.php on line 54
[27-Aug-2022 15:53:20 America/Bogota] Run App
[27-Aug-2022 15:53:20 America/Bogota] PHP Warning:  require_once(controllers/errores.php): failed to open stream: No such file or directory in C:\xampp\htdocs\Ospedale\libs\App.php on line 54
[27-Aug-2022 15:53:20 America/Bogota] PHP Fatal error:  require_once(): Failed opening required 'controllers/errores.php' (include_path='C:\xampp\php\PEAR') in C:\xampp\htdocs\Ospedale\libs\App.php on line 54
[27-Aug-2022 15:54:37 America/Bogota] Run App
[27-Aug-2022 15:54:37 America/Bogota] PHP Warning:  require_once(controllers/errores.php): failed to open stream: No such file or directory in C:\xampp\htdocs\Ospedale\libs\App.php on line 54
[27-Aug-2022 15:54:37 America/Bogota] PHP Fatal error:  require_once(): Failed opening required 'controllers/errores.php' (include_path='C:\xampp\php\PEAR') in C:\xampp\htdocs\Ospedale\libs\App.php on line 54
[27-Aug-2022 15:56:46 America/Bogota] Run App
[27-Aug-2022 15:56:46 America/Bogota] PHP Warning:  require_once(controllers/errores.php): failed to open stream: No such file or directory in C:\xampp\htdocs\Ospedale\libs\App.php on line 54
[27-Aug-2022 15:56:46 America/Bogota] PHP Fatal error:  require_once(): Failed opening required 'controllers/errores.php' (include_path='C:\xampp\php\PEAR') in C:\xampp\htdocs\Ospedale\libs\App.php on line 54
[27-Aug-2022 15:59:10 America/Bogota] Run App
[27-Aug-2022 15:59:10 America/Bogota] PHP Warning:  require_once(controllers/errores.php): failed to open stream: No such file or directory in C:\xampp\htdocs\Ospedale\libs\App.php on line 54
[27-Aug-2022 15:59:10 America/Bogota] PHP Fatal error:  require_once(): Failed opening required 'controllers/errores.php' (include_path='C:\xampp\php\PEAR') in C:\xampp\htdocs\Ospedale\libs\App.php on line 54
[27-Aug-2022 16:02:26 America/Bogota] Run App
[27-Aug-2022 16:02:26 America/Bogota] PHP Warning:  require_once(controllers/errores.php): failed to open stream: No such file or directory in C:\xampp\htdocs\Ospedale\libs\App.php on line 54
[27-Aug-2022 16:02:26 America/Bogota] PHP Fatal error:  require_once(): Failed opening required 'controllers/errores.php' (include_path='C:\xampp\php\PEAR') in C:\xampp\htdocs\Ospedale\libs\App.php on line 54
[27-Aug-2022 16:02:29 America/Bogota] Run App
[27-Aug-2022 16:02:29 America/Bogota] PHP Warning:  require_once(controllers/errores.php): failed to open stream: No such file or directory in C:\xampp\htdocs\Ospedale\libs\App.php on line 54
[27-Aug-2022 16:02:29 America/Bogota] PHP Fatal error:  require_once(): Failed opening required 'controllers/errores.php' (include_path='C:\xampp\php\PEAR') in C:\xampp\htdocs\Ospedale\libs\App.php on line 54
[27-Aug-2022 16:28:47 America/Bogota] Run App
[27-Aug-2022 16:28:47 America/Bogota] PHP Warning:  require_once(controllers/errores.php): failed to open stream: No such file or directory in C:\xampp\htdocs\Ospedale\libs\App.php on line 54
[27-Aug-2022 16:28:47 America/Bogota] PHP Fatal error:  require_once(): Failed opening required 'controllers/errores.php' (include_path='C:\xampp\php\PEAR') in C:\xampp\htdocs\Ospedale\libs\App.php on line 54
[27-Aug-2022 16:29:07 America/Bogota] Run App
[27-Aug-2022 16:29:07 America/Bogota] PHP Warning:  require_once(controllers/errores.php): failed to open stream: No such file or directory in C:\xampp\htdocs\Ospedale\libs\App.php on line 54
[27-Aug-2022 16:29:07 America/Bogota] PHP Fatal error:  require_once(): Failed opening required 'controllers/errores.php' (include_path='C:\xampp\php\PEAR') in C:\xampp\htdocs\Ospedale\libs\App.php on line 54
[27-Aug-2022 16:30:03 America/Bogota] Run App
[27-Aug-2022 16:30:03 America/Bogota] PHP Warning:  require_once(controllers/errores.php): failed to open stream: No such file or directory in C:\xampp\htdocs\Ospedale\libs\App.php on line 54
[27-Aug-2022 16:30:03 America/Bogota] PHP Fatal error:  require_once(): Failed opening required 'controllers/errores.php' (include_path='C:\xampp\php\PEAR') in C:\xampp\htdocs\Ospedale\libs\App.php on line 54
[27-Aug-2022 16:30:32 America/Bogota] Run App
[27-Aug-2022 16:30:32 America/Bogota] PHP Warning:  require_once(controllers/errores.php): failed to open stream: No such file or directory in C:\xampp\htdocs\Ospedale\libs\App.php on line 54
[27-Aug-2022 16:30:32 America/Bogota] PHP Fatal error:  require_once(): Failed opening required 'controllers/errores.php' (include_path='C:\xampp\php\PEAR') in C:\xampp\htdocs\Ospedale\libs\App.php on line 54
[27-Aug-2022 16:34:29 America/Bogota] Run App
[27-Aug-2022 16:34:29 America/Bogota] PHP Warning:  require_once(controllers/errores.php): failed to open stream: No such file or directory in C:\xampp\htdocs\Ospedale\libs\App.php on line 54
[27-Aug-2022 16:34:29 America/Bogota] PHP Fatal error:  require_once(): Failed opening required 'controllers/errores.php' (include_path='C:\xampp\php\PEAR') in C:\xampp\htdocs\Ospedale\libs\App.php on line 54
[27-Aug-2022 16:36:26 America/Bogota] Run App
[27-Aug-2022 16:36:26 America/Bogota] PHP Warning:  require_once(controllers/errores.php): failed to open stream: No such file or directory in C:\xampp\htdocs\Ospedale\libs\App.php on line 54
[27-Aug-2022 16:36:26 America/Bogota] PHP Fatal error:  require_once(): Failed opening required 'controllers/errores.php' (include_path='C:\xampp\php\PEAR') in C:\xampp\htdocs\Ospedale\libs\App.php on line 54
[27-Aug-2022 16:40:34 America/Bogota] Run App
[27-Aug-2022 16:40:34 America/Bogota] PHP Warning:  require_once(controllers/errores.php): failed to open stream: No such file or directory in C:\xampp\htdocs\Ospedale\libs\App.php on line 54
[27-Aug-2022 16:40:34 America/Bogota] PHP Fatal error:  require_once(): Failed opening required 'controllers/errores.php' (include_path='C:\xampp\php\PEAR') in C:\xampp\htdocs\Ospedale\libs\App.php on line 54
[27-Aug-2022 16:41:31 America/Bogota] Run App
[27-Aug-2022 16:41:31 America/Bogota] PHP Warning:  require_once(controllers/errores.php): failed to open stream: No such file or directory in C:\xampp\htdocs\Ospedale\libs\App.php on line 54
[27-Aug-2022 16:41:31 America/Bogota] PHP Fatal error:  require_once(): Failed opening required 'controllers/errores.php' (include_path='C:\xampp\php\PEAR') in C:\xampp\htdocs\Ospedale\libs\App.php on line 54
[27-Aug-2022 16:41:47 America/Bogota] Run App
[27-Aug-2022 16:41:47 America/Bogota] PHP Warning:  require_once(controllers/errores.php): failed to open stream: No such file or directory in C:\xampp\htdocs\Ospedale\libs\App.php on line 54
[27-Aug-2022 16:41:47 America/Bogota] PHP Fatal error:  require_once(): Failed opening required 'controllers/errores.php' (include_path='C:\xampp\php\PEAR') in C:\xampp\htdocs\Ospedale\libs\App.php on line 54
[27-Aug-2022 16:41:55 America/Bogota] Run App
[27-Aug-2022 16:41:55 America/Bogota] PHP Warning:  require_once(controllers/errores.php): failed to open stream: No such file or directory in C:\xampp\htdocs\Ospedale\libs\App.php on line 54
[27-Aug-2022 16:41:55 America/Bogota] PHP Fatal error:  require_once(): Failed opening required 'controllers/errores.php' (include_path='C:\xampp\php\PEAR') in C:\xampp\htdocs\Ospedale\libs\App.php on line 54
